{"D:\\Old D\\DOC\\UNIV\\Work\\JS\\Lab_4\\repos\\expressjslab-ExPikaPaka\\app.js": {"path":"D:\\Old D\\DOC\\UNIV\\Work\\JS\\Lab_4\\repos\\expressjslab-ExPikaPaka\\app.js","statementMap":{"0":{"start":{"line":1,"column":20},"end":{"line":1,"column":42}},"1":{"start":{"line":2,"column":16},"end":{"line":2,"column":34}},"2":{"start":{"line":3,"column":13},"end":{"line":3,"column":28}},"3":{"start":{"line":4,"column":21},"end":{"line":4,"column":45}},"4":{"start":{"line":5,"column":15},"end":{"line":5,"column":32}},"5":{"start":{"line":7,"column":20},"end":{"line":7,"column":45}},"6":{"start":{"line":8,"column":20},"end":{"line":8,"column":45}},"7":{"start":{"line":10,"column":12},"end":{"line":10,"column":21}},"8":{"start":{"line":13,"column":0},"end":{"line":13,"column":48}},"9":{"start":{"line":14,"column":0},"end":{"line":14,"column":30}},"10":{"start":{"line":16,"column":0},"end":{"line":16,"column":23}},"11":{"start":{"line":17,"column":0},"end":{"line":17,"column":24}},"12":{"start":{"line":18,"column":0},"end":{"line":18,"column":49}},"13":{"start":{"line":19,"column":0},"end":{"line":19,"column":24}},"14":{"start":{"line":20,"column":0},"end":{"line":20,"column":56}},"15":{"start":{"line":22,"column":0},"end":{"line":22,"column":26}},"16":{"start":{"line":23,"column":0},"end":{"line":23,"column":31}},"17":{"start":{"line":26,"column":0},"end":{"line":28,"column":3}},"18":{"start":{"line":27,"column":4},"end":{"line":27,"column":27}},"19":{"start":{"line":31,"column":0},"end":{"line":42,"column":3}},"20":{"start":{"line":34,"column":4},"end":{"line":34,"column":71}},"21":{"start":{"line":37,"column":4},"end":{"line":37,"column":34}},"22":{"start":{"line":38,"column":4},"end":{"line":40,"column":5}},"23":{"start":{"line":39,"column":8},"end":{"line":39,"column":51}},"24":{"start":{"line":41,"column":4},"end":{"line":41,"column":24}},"25":{"start":{"line":44,"column":0},"end":{"line":44,"column":21}}},"fnMap":{"0":{"name":"(anonymous_0)","decl":{"start":{"line":26,"column":8},"end":{"line":26,"column":9}},"loc":{"start":{"line":26,"column":28},"end":{"line":28,"column":1}},"line":26},"1":{"name":"(anonymous_1)","decl":{"start":{"line":31,"column":8},"end":{"line":31,"column":9}},"loc":{"start":{"line":31,"column":33},"end":{"line":42,"column":1}},"line":31}},"branchMap":{"0":{"loc":{"start":{"line":34,"column":23},"end":{"line":34,"column":70}},"type":"cond-expr","locations":[{"start":{"line":34,"column":62},"end":{"line":34,"column":65}},{"start":{"line":34,"column":68},"end":{"line":34,"column":70}}],"line":34},"1":{"loc":{"start":{"line":37,"column":15},"end":{"line":37,"column":32}},"type":"binary-expr","locations":[{"start":{"line":37,"column":15},"end":{"line":37,"column":25}},{"start":{"line":37,"column":29},"end":{"line":37,"column":32}}],"line":37},"2":{"loc":{"start":{"line":38,"column":4},"end":{"line":40,"column":5}},"type":"if","locations":[{"start":{"line":38,"column":4},"end":{"line":40,"column":5}},{"start":{},"end":{}}],"line":38}},"s":{"0":1,"1":1,"2":1,"3":1,"4":1,"5":1,"6":1,"7":1,"8":1,"9":1,"10":1,"11":1,"12":1,"13":1,"14":1,"15":1,"16":1,"17":1,"18":0,"19":1,"20":0,"21":0,"22":0,"23":0,"24":0,"25":1},"f":{"0":0,"1":0},"b":{"0":[0,0],"1":[0,0],"2":[0,0]},"_coverageSchema":"1a1c01bbd47fc00a2c39e90264f33305004495a9","hash":"36f2a25f13f0bb2f1a6874223de685a7bd990a5c"}
,"D:\\Old D\\DOC\\UNIV\\Work\\JS\\Lab_4\\repos\\expressjslab-ExPikaPaka\\clients\\httpClient.js": {"path":"D:\\Old D\\DOC\\UNIV\\Work\\JS\\Lab_4\\repos\\expressjslab-ExPikaPaka\\clients\\httpClient.js","statementMap":{"0":{"start":{"line":1,"column":20},"end":{"line":22,"column":1}},"1":{"start":{"line":2,"column":4},"end":{"line":21,"column":5}},"2":{"start":{"line":3,"column":25},"end":{"line":10,"column":10}},"3":{"start":{"line":11,"column":8},"end":{"line":13,"column":9}},"4":{"start":{"line":12,"column":12},"end":{"line":12,"column":24}},"5":{"start":{"line":14,"column":8},"end":{"line":16,"column":9}},"6":{"start":{"line":15,"column":12},"end":{"line":15,"column":47}},"7":{"start":{"line":17,"column":8},"end":{"line":17,"column":37}},"8":{"start":{"line":19,"column":8},"end":{"line":19,"column":29}},"9":{"start":{"line":20,"column":8},"end":{"line":20,"column":20}},"10":{"start":{"line":23,"column":0},"end":{"line":25,"column":2}}},"fnMap":{"0":{"name":"(anonymous_0)","decl":{"start":{"line":1,"column":20},"end":{"line":1,"column":21}},"loc":{"start":{"line":1,"column":63},"end":{"line":22,"column":1}},"line":1}},"branchMap":{"0":{"loc":{"start":{"line":1,"column":47},"end":{"line":1,"column":58}},"type":"default-arg","locations":[{"start":{"line":1,"column":54},"end":{"line":1,"column":58}}],"line":1},"1":{"loc":{"start":{"line":9,"column":18},"end":{"line":9,"column":52}},"type":"cond-expr","locations":[{"start":{"line":9,"column":25},"end":{"line":9,"column":45}},{"start":{"line":9,"column":48},"end":{"line":9,"column":52}}],"line":9},"2":{"loc":{"start":{"line":11,"column":8},"end":{"line":13,"column":9}},"type":"if","locations":[{"start":{"line":11,"column":8},"end":{"line":13,"column":9}},{"start":{},"end":{}}],"line":11},"3":{"loc":{"start":{"line":14,"column":8},"end":{"line":16,"column":9}},"type":"if","locations":[{"start":{"line":14,"column":8},"end":{"line":16,"column":9}},{"start":{},"end":{}}],"line":14}},"s":{"0":1,"1":0,"2":0,"3":0,"4":0,"5":0,"6":0,"7":0,"8":0,"9":0,"10":1},"f":{"0":0},"b":{"0":[0],"1":[0,0],"2":[0,0],"3":[0,0]},"_coverageSchema":"1a1c01bbd47fc00a2c39e90264f33305004495a9","hash":"c4dae782c8498080ddda303034579874a346e7e5"}
,"D:\\Old D\\DOC\\UNIV\\Work\\JS\\Lab_4\\repos\\expressjslab-ExPikaPaka\\controllers\\users.controller.js": {"path":"D:\\Old D\\DOC\\UNIV\\Work\\JS\\Lab_4\\repos\\expressjslab-ExPikaPaka\\controllers\\users.controller.js","statementMap":{"0":{"start":{"line":1,"column":14},"end":{"line":1,"column":30}},"1":{"start":{"line":2,"column":24},"end":{"line":2,"column":56}},"2":{"start":{"line":5,"column":17},"end":{"line":15,"column":1}},"3":{"start":{"line":6,"column":15},"end":{"line":6,"column":71}},"4":{"start":{"line":7,"column":18},"end":{"line":7,"column":43}},"5":{"start":{"line":9,"column":4},"end":{"line":14,"column":5}},"6":{"start":{"line":10,"column":25},"end":{"line":10,"column":102}},"7":{"start":{"line":11,"column":8},"end":{"line":11,"column":39}},"8":{"start":{"line":13,"column":8},"end":{"line":13,"column":59}},"9":{"start":{"line":17,"column":16},"end":{"line":35,"column":1}},"10":{"start":{"line":18,"column":18},"end":{"line":18,"column":43}},"11":{"start":{"line":19,"column":17},"end":{"line":19,"column":25}},"12":{"start":{"line":21,"column":21},"end":{"line":21,"column":41}},"13":{"start":{"line":23,"column":4},"end":{"line":34,"column":5}},"14":{"start":{"line":24,"column":48},"end":{"line":24,"column":56}},"15":{"start":{"line":25,"column":25},"end":{"line":30,"column":10}},"16":{"start":{"line":31,"column":8},"end":{"line":31,"column":39}},"17":{"start":{"line":33,"column":8},"end":{"line":33,"column":52}},"18":{"start":{"line":37,"column":16},"end":{"line":47,"column":1}},"19":{"start":{"line":38,"column":15},"end":{"line":38,"column":71}},"20":{"start":{"line":39,"column":18},"end":{"line":39,"column":43}},"21":{"start":{"line":41,"column":4},"end":{"line":46,"column":5}},"22":{"start":{"line":42,"column":8},"end":{"line":42,"column":89}},"23":{"start":{"line":43,"column":8},"end":{"line":43,"column":45}},"24":{"start":{"line":45,"column":8},"end":{"line":45,"column":52}},"25":{"start":{"line":49,"column":16},"end":{"line":65,"column":1}},"26":{"start":{"line":50,"column":15},"end":{"line":50,"column":71}},"27":{"start":{"line":51,"column":18},"end":{"line":51,"column":43}},"28":{"start":{"line":53,"column":4},"end":{"line":64,"column":5}},"29":{"start":{"line":54,"column":48},"end":{"line":54,"column":56}},"30":{"start":{"line":55,"column":25},"end":{"line":60,"column":10}},"31":{"start":{"line":61,"column":8},"end":{"line":61,"column":39}},"32":{"start":{"line":63,"column":8},"end":{"line":63,"column":60}},"33":{"start":{"line":67,"column":0},"end":{"line":72,"column":2}}},"fnMap":{"0":{"name":"(anonymous_0)","decl":{"start":{"line":5,"column":17},"end":{"line":5,"column":18}},"loc":{"start":{"line":5,"column":37},"end":{"line":15,"column":1}},"line":5},"1":{"name":"(anonymous_1)","decl":{"start":{"line":17,"column":16},"end":{"line":17,"column":17}},"loc":{"start":{"line":17,"column":36},"end":{"line":35,"column":1}},"line":17},"2":{"name":"(anonymous_2)","decl":{"start":{"line":37,"column":16},"end":{"line":37,"column":17}},"loc":{"start":{"line":37,"column":36},"end":{"line":47,"column":1}},"line":37},"3":{"name":"(anonymous_3)","decl":{"start":{"line":49,"column":16},"end":{"line":49,"column":17}},"loc":{"start":{"line":49,"column":36},"end":{"line":65,"column":1}},"line":49}},"branchMap":{"0":{"loc":{"start":{"line":6,"column":15},"end":{"line":6,"column":71}},"type":"cond-expr","locations":[{"start":{"line":6,"column":49},"end":{"line":6,"column":51}},{"start":{"line":6,"column":54},"end":{"line":6,"column":71}}],"line":6},"1":{"loc":{"start":{"line":38,"column":15},"end":{"line":38,"column":71}},"type":"cond-expr","locations":[{"start":{"line":38,"column":49},"end":{"line":38,"column":51}},{"start":{"line":38,"column":54},"end":{"line":38,"column":71}}],"line":38},"2":{"loc":{"start":{"line":50,"column":15},"end":{"line":50,"column":71}},"type":"cond-expr","locations":[{"start":{"line":50,"column":49},"end":{"line":50,"column":51}},{"start":{"line":50,"column":54},"end":{"line":50,"column":71}}],"line":50}},"s":{"0":1,"1":1,"2":1,"3":4,"4":4,"5":4,"6":4,"7":2,"8":2,"9":1,"10":2,"11":2,"12":2,"13":2,"14":2,"15":2,"16":1,"17":1,"18":1,"19":2,"20":2,"21":2,"22":2,"23":1,"24":1,"25":1,"26":2,"27":2,"28":2,"29":2,"30":2,"31":1,"32":1,"33":1},"f":{"0":4,"1":2,"2":2,"3":2},"b":{"0":[2,2],"1":[0,2],"2":[0,2]},"_coverageSchema":"1a1c01bbd47fc00a2c39e90264f33305004495a9","hash":"b1e4b7fc3b70b826bdc01aa6a0e83d32ad978d7d"}
,"D:\\Old D\\DOC\\UNIV\\Work\\JS\\Lab_4\\repos\\expressjslab-ExPikaPaka\\middleware\\perfMeasure.js": {"path":"D:\\Old D\\DOC\\UNIV\\Work\\JS\\Lab_4\\repos\\expressjslab-ExPikaPaka\\middleware\\perfMeasure.js","statementMap":{"0":{"start":{"line":2,"column":27},"end":{"line":12,"column":1}},"1":{"start":{"line":3,"column":18},"end":{"line":3,"column":34}},"2":{"start":{"line":5,"column":4},"end":{"line":9,"column":7}},"3":{"start":{"line":6,"column":20},"end":{"line":6,"column":41}},"4":{"start":{"line":7,"column":25},"end":{"line":7,"column":57}},"5":{"start":{"line":8,"column":8},"end":{"line":8,"column":84}},"6":{"start":{"line":11,"column":4},"end":{"line":11,"column":11}},"7":{"start":{"line":14,"column":0},"end":{"line":16,"column":2}}},"fnMap":{"0":{"name":"(anonymous_0)","decl":{"start":{"line":2,"column":27},"end":{"line":2,"column":28}},"loc":{"start":{"line":2,"column":47},"end":{"line":12,"column":1}},"line":2},"1":{"name":"(anonymous_1)","decl":{"start":{"line":5,"column":21},"end":{"line":5,"column":22}},"loc":{"start":{"line":5,"column":27},"end":{"line":9,"column":5}},"line":5}},"branchMap":{},"s":{"0":1,"1":10,"2":10,"3":10,"4":10,"5":10,"6":10,"7":1},"f":{"0":10,"1":10},"b":{},"_coverageSchema":"1a1c01bbd47fc00a2c39e90264f33305004495a9","hash":"d256af4e5b6ce9a4cac1876ecbaac3bc294662ea"}
,"D:\\Old D\\DOC\\UNIV\\Work\\JS\\Lab_4\\repos\\expressjslab-ExPikaPaka\\routes\\index.js": {"path":"D:\\Old D\\DOC\\UNIV\\Work\\JS\\Lab_4\\repos\\expressjslab-ExPikaPaka\\routes\\index.js","statementMap":{"0":{"start":{"line":1,"column":16},"end":{"line":1,"column":34}},"1":{"start":{"line":3,"column":15},"end":{"line":3,"column":31}},"2":{"start":{"line":6,"column":0},"end":{"line":8,"column":3}},"3":{"start":{"line":7,"column":4},"end":{"line":7,"column":46}},"4":{"start":{"line":10,"column":0},"end":{"line":10,"column":24}}},"fnMap":{"0":{"name":"(anonymous_0)","decl":{"start":{"line":6,"column":16},"end":{"line":6,"column":17}},"loc":{"start":{"line":6,"column":30},"end":{"line":8,"column":1}},"line":6}},"branchMap":{},"s":{"0":1,"1":1,"2":1,"3":0,"4":1},"f":{"0":0},"b":{},"_coverageSchema":"1a1c01bbd47fc00a2c39e90264f33305004495a9","hash":"3e53ff6234ad52a59da48c39ed011a8dabc3b852"}
,"D:\\Old D\\DOC\\UNIV\\Work\\JS\\Lab_4\\repos\\expressjslab-ExPikaPaka\\routes\\users.js": {"path":"D:\\Old D\\DOC\\UNIV\\Work\\JS\\Lab_4\\repos\\expressjslab-ExPikaPaka\\routes\\users.js","statementMap":{"0":{"start":{"line":1,"column":16},"end":{"line":1,"column":34}},"1":{"start":{"line":2,"column":48},"end":{"line":2,"column":90}},"2":{"start":{"line":3,"column":31},"end":{"line":3,"column":67}},"3":{"start":{"line":5,"column":15},"end":{"line":5,"column":31}},"4":{"start":{"line":8,"column":0},"end":{"line":8,"column":46}},"5":{"start":{"line":9,"column":0},"end":{"line":9,"column":53}},"6":{"start":{"line":11,"column":0},"end":{"line":11,"column":55}},"7":{"start":{"line":12,"column":0},"end":{"line":12,"column":52}},"8":{"start":{"line":13,"column":0},"end":{"line":13,"column":46}},"9":{"start":{"line":15,"column":0},"end":{"line":15,"column":24}}},"fnMap":{},"branchMap":{},"s":{"0":1,"1":1,"2":1,"3":1,"4":1,"5":1,"6":1,"7":1,"8":1,"9":1},"f":{},"b":{},"_coverageSchema":"1a1c01bbd47fc00a2c39e90264f33305004495a9","hash":"ba23db760055eacf86a0f4a24418ec8e5dd49864"}
}
